  cvglCamera.cpp
c:\users\rama\documents\github\cvgl\src\camera\cvglcamera.hpp(6): fatal error C1083: Cannot open include file: 'DeckLinkAPI.h': No such file or directory
  DeckLinkAPIDispatch.cpp
c:\users\rama\documents\github\cvgl\src\camera\decklinkapidispatch.cpp(29): fatal error C1083: Cannot open include file: 'DeckLinkAPI.h': No such file or directory
  platform.cpp
c:\users\rama\documents\github\cvgl\src\camera\include\win\platform.h(37): fatal error C1083: Cannot open include file: 'DeckLinkAPI_h.h': No such file or directory
  cvglMainProcess.cpp
c:\users\rama\documents\github\cvgl\src\cvglmainprocess.hpp(3): fatal error C1083: Cannot open include file: 'cvglContext.hpp': No such file or directory
  cvgl_main3.cpp
c:\users\rama\documents\github\cvgl\src\cvglmainprocess.hpp(3): fatal error C1083: Cannot open include file: 'cvglContext.hpp': No such file or directory
  cvglConvexHull.cpp
c:\users\rama\documents\github\cvgl\src\cv\cvglconvexhull.hpp(3): fatal error C1083: Cannot open include file: 'opencv2/core/utility.hpp': No such file or directory
  cvglCV.cpp
c:\users\rama\documents\github\cvgl\src\cv\cvglcv.hpp(6): fatal error C1083: Cannot open include file: 'opencv2/core/utility.hpp': No such file or directory
  cvglCallbacks.cpp
c:\users\rama\documents\github\cvgl\src\gl\cvglcontext.hpp(12): fatal error C1083: Cannot open include file: 'glm/glm.hpp': No such file or directory
  cvglContext.cpp
c:\users\rama\documents\github\cvgl\src\gl\cvglcontext.hpp(12): fatal error C1083: Cannot open include file: 'glm/glm.hpp': No such file or directory
  cvglObject.cpp
c:\users\rama\documents\github\cvgl\src\gl\cvgltexture.hpp(5): fatal error C1083: Cannot open include file: 'glm/glm.hpp': No such file or directory
  cvglTexture.cpp
c:\users\rama\documents\github\cvgl\src\gl\cvgltexture.hpp(5): fatal error C1083: Cannot open include file: 'glm/glm.hpp': No such file or directory
  cvglVAO.cpp
c:\users\rama\documents\github\cvgl\src\gl\cvglvao.hpp(8): fatal error C1083: Cannot open include file: 'glm/glm.hpp': No such file or directory
  cvglVertex.cpp
  OdotAtom.cpp
c:\users\rama\documents\github\cvgl\src\osc\odotexpr.hpp(5): fatal error C1083: Cannot open include file: 'osc_expr_u.h': No such file or directory
  OdotBundle.cpp
c:\users\rama\documents\github\cvgl\src\osc\odotexpr.hpp(5): fatal error C1083: Cannot open include file: 'osc_expr_u.h': No such file or directory
  OdotBundle_s.cpp
c:\users\rama\documents\github\cvgl\src\osc\odotexpr.hpp(5): fatal error C1083: Cannot open include file: 'osc_expr_u.h': No such file or directory
  OdotExpr.cpp
c:\users\rama\documents\github\cvgl\src\osc\odotexpr.hpp(5): fatal error C1083: Cannot open include file: 'osc_expr_u.h': No such file or directory
  OdotHash.cpp
c:\users\rama\documents\github\cvgl\src\osc\odotexpr.hpp(5): fatal error C1083: Cannot open include file: 'osc_expr_u.h': No such file or directory
  OdotMessage.cpp
c:\users\rama\documents\github\cvgl\src\osc\odotexpr.hpp(5): fatal error C1083: Cannot open include file: 'osc_expr_u.h': No such file or directory
  OdotSelect.cpp
c:\users\rama\documents\github\cvgl\src\osc\odotexpr.hpp(5): fatal error C1083: Cannot open include file: 'osc_expr_u.h': No such file or directory
  Generating Code...
  Compiling...
  cvglOSCSocket.cpp
c:\users\rama\documents\github\cvgl\src\udp\cvgloscsocket.hpp(2): fatal error C1083: Cannot open include file: 'uv.h': No such file or directory
  cvglConversions.cpp
c:\users\rama\documents\github\cvgl\src\utils\cvglconversions.hpp(3): fatal error C1083: Cannot open include file: 'opencv2/core/utility.hpp': No such file or directory
  Generating Code...
